<?xml version="1.0" encoding="UTF-8"?>
<testng-results skipped="0" failed="0" ignored="0" total="1" passed="1">
  <reporter-output>
  </reporter-output>
  <suite name="Default suite" duration-ms="2026" started-at="2021-07-06T14:07:32 IST" finished-at="2021-07-06T14:07:34 IST">
    <groups>
    </groups>
    <test name="Default test" duration-ms="2026" started-at="2021-07-06T14:07:32 IST" finished-at="2021-07-06T14:07:34 IST">
      <class name="com.qa.test.FindPetStatus">
        <test-method status="PASS" signature="get()[pri:0, instance:com.qa.test.FindPetStatus@1c3a4799]" name="get" duration-ms="1963" started-at="2021-07-06T14:07:32 IST" finished-at="2021-07-06T14:07:34 IST">
          <reporter-output>
          </reporter-output>
        </test-method> <!-- get -->
      </class> <!-- com.qa.test.FindPetStatus -->
    </test> <!-- Default test -->
  </suite> <!-- Default suite -->
</testng-results>
